0 info it worked if it ends with ok
1 verbose cli [ '/usr/bin/node', '/usr/bin/npm', 'install', '-g', 'uglify-js' ]
2 info using npm@1.4.28
3 info using node@v0.10.37
4 verbose node symlink /usr/bin/node
5 verbose cache add [ 'uglify-js', null ]
6 verbose cache add name=undefined spec="uglify-js" args=["uglify-js",null]
7 verbose parsed url { protocol: null,
7 verbose parsed url   slashes: null,
7 verbose parsed url   auth: null,
7 verbose parsed url   host: null,
7 verbose parsed url   port: null,
7 verbose parsed url   hostname: null,
7 verbose parsed url   hash: null,
7 verbose parsed url   search: null,
7 verbose parsed url   query: null,
7 verbose parsed url   pathname: 'uglify-js',
7 verbose parsed url   path: 'uglify-js',
7 verbose parsed url   href: 'uglify-js' }
8 silly lockFile d31cae06-uglify-js uglify-js
9 verbose lock uglify-js /home/cbroschinski/.npm/d31cae06-uglify-js.lock
10 silly lockFile d31cae06-uglify-js uglify-js
11 silly lockFile d31cae06-uglify-js uglify-js
12 verbose addNamed [ 'uglify-js', '' ]
13 verbose addNamed [ null, '*' ]
14 silly lockFile 679a1028-uglify-js uglify-js@
15 verbose lock uglify-js@ /home/cbroschinski/.npm/679a1028-uglify-js.lock
16 silly addNameRange { name: 'uglify-js', range: '*', hasData: false }
17 verbose request where is /uglify-js
18 verbose request registry https://registry.npmjs.org/
19 verbose request id e8598d9685e32f72
20 verbose url raw /uglify-js
21 verbose url resolving [ 'https://registry.npmjs.org/', './uglify-js' ]
22 verbose url resolved https://registry.npmjs.org/uglify-js
23 verbose request where is https://registry.npmjs.org/uglify-js
24 info trying registry request attempt 1 at 17:08:53
25 verbose etag "9SJNMK22H9C2SSRLW8PRI17M9"
26 http GET https://registry.npmjs.org/uglify-js
27 http 304 https://registry.npmjs.org/uglify-js
28 silly registry.get cb [ 304,
28 silly registry.get   { date: 'Fri, 16 Oct 2015 15:08:53 GMT',
28 silly registry.get     via: '1.1 varnish',
28 silly registry.get     'cache-control': 'max-age=60',
28 silly registry.get     etag: '"9SJNMK22H9C2SSRLW8PRI17M9"',
28 silly registry.get     age: '18',
28 silly registry.get     connection: 'keep-alive',
28 silly registry.get     'x-served-by': 'cache-ams4120-AMS',
28 silly registry.get     'x-cache': 'HIT',
28 silly registry.get     'x-cache-hits': '1',
28 silly registry.get     'x-timer': 'S1445008133.634106,VS0,VE0',
28 silly registry.get     vary: 'Accept' } ]
29 verbose etag https://registry.npmjs.org/uglify-js from cache
30 silly addNameRange number 2 { name: 'uglify-js', range: '*', hasData: true }
31 silly addNameRange versions [ 'uglify-js',
31 silly addNameRange   [ '0.0.1',
31 silly addNameRange     '0.0.2',
31 silly addNameRange     '0.0.3',
31 silly addNameRange     '0.0.4',
31 silly addNameRange     '0.0.5',
31 silly addNameRange     '1.0.1',
31 silly addNameRange     '1.0.2',
31 silly addNameRange     '1.0.3',
31 silly addNameRange     '1.0.4',
31 silly addNameRange     '1.0.5',
31 silly addNameRange     '1.0.6',
31 silly addNameRange     '1.0.7',
31 silly addNameRange     '1.1.0',
31 silly addNameRange     '1.1.1',
31 silly addNameRange     '1.2.0',
31 silly addNameRange     '1.2.1',
31 silly addNameRange     '1.2.2',
31 silly addNameRange     '1.2.3',
31 silly addNameRange     '1.2.4',
31 silly addNameRange     '1.2.5',
31 silly addNameRange     '1.2.6',
31 silly addNameRange     '1.3.0',
31 silly addNameRange     '1.3.1',
31 silly addNameRange     '1.3.2',
31 silly addNameRange     '1.3.3',
31 silly addNameRange     '1.3.4',
31 silly addNameRange     '2.2.0',
31 silly addNameRange     '2.2.1',
31 silly addNameRange     '2.2.2',
31 silly addNameRange     '2.2.3',
31 silly addNameRange     '2.2.4',
31 silly addNameRange     '2.2.5',
31 silly addNameRange     '2.3.0',
31 silly addNameRange     '2.3.1',
31 silly addNameRange     '2.3.2',
31 silly addNameRange     '2.3.3',
31 silly addNameRange     '2.3.4',
31 silly addNameRange     '2.3.5',
31 silly addNameRange     '2.3.6',
31 silly addNameRange     '1.3.5',
31 silly addNameRange     '2.4.0',
31 silly addNameRange     '2.4.1',
31 silly addNameRange     '2.4.2',
31 silly addNameRange     '2.4.3',
31 silly addNameRange     '2.4.4',
31 silly addNameRange     '2.4.5',
31 silly addNameRange     '2.4.6',
31 silly addNameRange     '2.4.7',
31 silly addNameRange     '2.4.8',
31 silly addNameRange     '2.4.9',
31 silly addNameRange     '2.4.10',
31 silly addNameRange     '2.4.11',
31 silly addNameRange     '2.4.12',
31 silly addNameRange     '2.4.13',
31 silly addNameRange     '2.4.14',
31 silly addNameRange     '2.4.15',
31 silly addNameRange     '2.4.16',
31 silly addNameRange     '2.4.17',
31 silly addNameRange     '2.4.18',
31 silly addNameRange     '2.4.19',
31 silly addNameRange     '2.4.20',
31 silly addNameRange     '2.4.21',
31 silly addNameRange     '2.4.22',
31 silly addNameRange     '2.4.23',
31 silly addNameRange     '2.4.24',
31 silly addNameRange     '2.5.0' ] ]
32 verbose addNamed [ 'uglify-js', '2.5.0' ]
33 verbose addNamed [ '2.5.0', '2.5.0' ]
34 silly lockFile 48b1be4d-uglify-js-2-5-0 uglify-js@2.5.0
35 verbose lock uglify-js@2.5.0 /home/cbroschinski/.npm/48b1be4d-uglify-js-2-5-0.lock
36 silly lockFile 48b1be4d-uglify-js-2-5-0 uglify-js@2.5.0
37 silly lockFile 48b1be4d-uglify-js-2-5-0 uglify-js@2.5.0
38 silly lockFile 679a1028-uglify-js uglify-js@
39 silly lockFile 679a1028-uglify-js uglify-js@
40 silly resolved [ { name: 'uglify-js',
40 silly resolved     description: 'JavaScript parser, mangler/compressor and beautifier toolkit',
40 silly resolved     homepage: 'http://lisperator.net/uglifyjs',
40 silly resolved     author:
40 silly resolved      { name: 'Mihai Bazon',
40 silly resolved        email: 'mihai.bazon@gmail.com',
40 silly resolved        url: 'http://lisperator.net/' },
40 silly resolved     license: 'BSD-2-Clause',
40 silly resolved     version: '2.5.0',
40 silly resolved     engines: { node: '>=0.8.0' },
40 silly resolved     maintainers: [ [Object], [Object], [Object] ],
40 silly resolved     repository: { type: 'git', url: 'https://github.com/mishoo/UglifyJS2.git' },
40 silly resolved     bugs: { url: 'https://github.com/mishoo/UglifyJS2/issues' },
40 silly resolved     main: 'tools/node.js',
40 silly resolved     bin: { uglifyjs: 'bin/uglifyjs' },
40 silly resolved     files: [ 'bin', 'lib', 'tools', 'LICENSE' ],
40 silly resolved     dependencies:
40 silly resolved      { async: '~0.2.6',
40 silly resolved        'source-map': '~0.5.1',
40 silly resolved        'uglify-to-browserify': '~1.0.0',
40 silly resolved        yargs: '~3.5.4' },
40 silly resolved     devDependencies:
40 silly resolved      { acorn: '~0.6.0',
40 silly resolved        escodegen: '~1.3.3',
40 silly resolved        esfuzz: '~0.3.1',
40 silly resolved        estraverse: '~1.5.1' },
40 silly resolved     browserify: { transform: [Object] },
40 silly resolved     scripts:
40 silly resolved      { shrinkwrap: 'rm ./npm-shrinkwrap.json; rm -rf ./node_modules; npm i && npm shrinkwrap && npm outdated',
40 silly resolved        test: 'node test/run-tests.js' },
40 silly resolved     gitHead: 'a8e67d157e9caa59bbaf47cd6208eaa583853abb',
40 silly resolved     _id: 'uglify-js@2.5.0',
40 silly resolved     _shasum: '4ab5d65a4730ecb7a4fb62d3f499e2054d98fba1',
40 silly resolved     _from: 'uglify-js@',
40 silly resolved     _npmVersion: '1.4.14',
40 silly resolved     _npmUser: { name: 'mishoo', email: 'mihai.bazon@gmail.com' },
40 silly resolved     dist:
40 silly resolved      { shasum: '4ab5d65a4730ecb7a4fb62d3f499e2054d98fba1',
40 silly resolved        tarball: 'http://registry.npmjs.org/uglify-js/-/uglify-js-2.5.0.tgz' },
40 silly resolved     directories: {},
40 silly resolved     _resolved: 'https://registry.npmjs.org/uglify-js/-/uglify-js-2.5.0.tgz',
40 silly resolved     readme: 'ERROR: No README data found!' } ]
41 info install uglify-js@2.5.0 into /usr/lib
42 info installOne uglify-js@2.5.0
43 verbose lib/node_modules/uglify-js unbuild
44 verbose tar unpack /home/cbroschinski/.npm/uglify-js/2.5.0/package.tgz
45 silly lockFile d60c1aca-r-usr-lib-node-modules-uglify-js tar:///usr/lib/node_modules/uglify-js
46 verbose lock tar:///usr/lib/node_modules/uglify-js /home/cbroschinski/.npm/d60c1aca-r-usr-lib-node-modules-uglify-js.lock
47 silly lockFile cb00c070--npm-uglify-js-2-5-0-package-tgz tar:///home/cbroschinski/.npm/uglify-js/2.5.0/package.tgz
48 verbose lock tar:///home/cbroschinski/.npm/uglify-js/2.5.0/package.tgz /home/cbroschinski/.npm/cb00c070--npm-uglify-js-2-5-0-package-tgz.lock
49 silly gunzTarPerm modes [ '775', '664' ]
50 error Error: EACCES, mkdir '/usr/lib/node_modules/uglify-js'
50 error  { [Error: EACCES, mkdir '/usr/lib/node_modules/uglify-js']
50 error   errno: 3,
50 error   code: 'EACCES',
50 error   path: '/usr/lib/node_modules/uglify-js',
50 error   fstream_type: 'Directory',
50 error   fstream_path: '/usr/lib/node_modules/uglify-js',
50 error   fstream_class: 'DirWriter',
50 error   fstream_stack:
50 error    [ '/usr/lib/node_modules/npm/node_modules/fstream/lib/dir-writer.js:36:23',
50 error      '/usr/lib/node_modules/npm/node_modules/mkdirp/index.js:46:53',
50 error      'Object.oncomplete (fs.js:108:15)' ] }
51 error Please try running this command again as root/Administrator.
52 error System Linux 3.2.0-91-generic
53 error command "/usr/bin/node" "/usr/bin/npm" "install" "-g" "uglify-js"
54 error cwd /home/cbroschinski/dev/offenerhaushalt
55 error node -v v0.10.37
56 error npm -v 1.4.28
57 error path /usr/lib/node_modules/uglify-js
58 error fstream_path /usr/lib/node_modules/uglify-js
59 error fstream_type Directory
60 error fstream_class DirWriter
61 error code EACCES
62 error errno 3
63 error stack Error: EACCES, mkdir '/usr/lib/node_modules/uglify-js'
64 error fstream_stack /usr/lib/node_modules/npm/node_modules/fstream/lib/dir-writer.js:36:23
64 error fstream_stack /usr/lib/node_modules/npm/node_modules/mkdirp/index.js:46:53
64 error fstream_stack Object.oncomplete (fs.js:108:15)
65 verbose exit [ 3, true ]
